<?xml version="1.0" encoding="UTF-8"?>
<!-- Generated by org.testng.reporters.JUnitXMLReporter -->
<testsuite ignored="0" hostname="igalarza" failures="0" tests="3" name="Test RRHH Orange" time="149.312" errors="0" timestamp="2021-03-22T22:30:09 BOT">
  <testcase classname="cucumber.api.testng.AbstractTestNGCucumberTests" name="feature" time="22.421"/>
  <testcase classname="cucumber.api.testng.AbstractTestNGCucumberTests" name="feature" time="20.79"/>
  <testcase classname="cucumber.api.testng.AbstractTestNGCucumberTests" name="feature" time="105.513"/>
</testsuite> <!-- Test RRHH Orange -->
