<?xml version="1.0" encoding="UTF-8"?>
<!-- Generated by org.testng.reporters.JUnitXMLReporter -->
<testsuite ignored="0" hostname="igalarza" failures="0" tests="3" name="Test RRHH Orange" time="146.007" errors="0" timestamp="2021-03-22T22:57:34 BOT">
  <testcase classname="cucumber.api.testng.AbstractTestNGCucumberTests" name="feature" time="19.25"/>
  <testcase classname="cucumber.api.testng.AbstractTestNGCucumberTests" name="feature" time="20.471"/>
  <testcase classname="cucumber.api.testng.AbstractTestNGCucumberTests" name="feature" time="105.538"/>
</testsuite> <!-- Test RRHH Orange -->
