<?xml version="1.0" encoding="UTF-8"?>
<!-- Generated by org.testng.reporters.JUnitXMLReporter -->
<testsuite hostname="DESKTOP-2FB6SU0" ignored="0" name="MarketPlace" tests="9" failures="9" timestamp="2021-02-26T23:13:15 COT" time="0.033" errors="0">
  <testcase name="visitarMarketPlace" time="0.002" classname="com.numeral16to19.TestMarketPlace">
    <failure type="java.lang.NullPointerException">
      <![CDATA[java.lang.NullPointerException
at com.numeral16to19.TestMarketPlace.iniciarSesion(TestMarketPlace.java:34)
at com.numeral16to19.TestMarketPlace.visitarMarketPlace(TestMarketPlace.java:44)
at java.util.ArrayList.forEach(ArrayList.java:1257)
... Removed 27 stack frames]]>
    </failure>
  </testcase> <!-- visitarMarketPlace -->
  <testcase name="verDetalleLdap" time="0.002" classname="com.numeral16to19.TestMarketPlace">
    <failure type="java.lang.NullPointerException">
      <![CDATA[java.lang.NullPointerException
at com.numeral16to19.TestMarketPlace.verDetalleLdap(TestMarketPlace.java:56)
at java.util.ArrayList.forEach(ArrayList.java:1257)
... Removed 27 stack frames]]>
    </failure>
  </testcase> <!-- verDetalleLdap -->
  <testcase name="verDetalleIntegration" time="0.001" classname="com.numeral16to19.TestMarketPlace">
    <failure type="java.lang.NullPointerException">
      <![CDATA[java.lang.NullPointerException
at com.numeral16to19.TestMarketPlace.verDetalleIntegration(TestMarketPlace.java:63)
at java.util.ArrayList.forEach(ArrayList.java:1257)
... Removed 27 stack frames]]>
    </failure>
  </testcase> <!-- verDetalleIntegration -->
  <testcase name="verDetalleCorporate" time="0.001" classname="com.numeral16to19.TestMarketPlace">
    <failure type="java.lang.NullPointerException">
      <![CDATA[java.lang.NullPointerException
at com.numeral16to19.TestMarketPlace.verDetalleCorporate(TestMarketPlace.java:70)
at java.util.ArrayList.forEach(ArrayList.java:1257)
... Removed 27 stack frames]]>
    </failure>
  </testcase> <!-- verDetalleCorporate -->
  <testcase name="verDetalleClaim" time="0.001" classname="com.numeral16to19.TestMarketPlace">
    <failure type="java.lang.NullPointerException">
      <![CDATA[java.lang.NullPointerException
at com.numeral16to19.TestMarketPlace.verDetalleClaim(TestMarketPlace.java:77)
at java.util.ArrayList.forEach(ArrayList.java:1257)
... Removed 27 stack frames]]>
    </failure>
  </testcase> <!-- verDetalleClaim -->
  <testcase name="confirmarCompraLdap" time="0.001" classname="com.numeral16to19.TestMarketPlace">
    <failure type="java.lang.NullPointerException">
      <![CDATA[java.lang.NullPointerException
at com.numeral16to19.TestMarketPlace.confirmarCompraLdap(TestMarketPlace.java:84)
at java.util.ArrayList.forEach(ArrayList.java:1257)
... Removed 27 stack frames]]>
    </failure>
  </testcase> <!-- confirmarCompraLdap -->
  <testcase name="confirmarCompraCorporate" time="0.001" classname="com.numeral16to19.TestMarketPlace">
    <failure type="java.lang.NullPointerException">
      <![CDATA[java.lang.NullPointerException
at com.numeral16to19.TestMarketPlace.confirmarCompraCorporate(TestMarketPlace.java:94)
at java.util.ArrayList.forEach(ArrayList.java:1257)
... Removed 27 stack frames]]>
    </failure>
  </testcase> <!-- confirmarCompraCorporate -->
  <testcase name="confirmarCompraClaim" time="0.001" classname="com.numeral16to19.TestMarketPlace">
    <failure type="java.lang.NullPointerException">
      <![CDATA[java.lang.NullPointerException
at com.numeral16to19.TestMarketPlace.confirmarCompraClaim(TestMarketPlace.java:105)
at java.util.ArrayList.forEach(ArrayList.java:1257)
... Removed 27 stack frames]]>
    </failure>
  </testcase> <!-- confirmarCompraClaim -->
  <testcase name="instalarIntegration" time="0.001" classname="com.numeral16to19.TestMarketPlace">
    <failure type="java.lang.NullPointerException">
      <![CDATA[java.lang.NullPointerException
at com.numeral16to19.TestMarketPlace.instalarIntegration(TestMarketPlace.java:115)
at java.util.ArrayList.forEach(ArrayList.java:1257)
... Removed 27 stack frames]]>
    </failure>
  </testcase> <!-- instalarIntegration -->
</testsuite> <!-- MarketPlace -->
