<?xml version="1.0" encoding="UTF-8"?>
<!-- Generated by org.testng.reporters.JUnitXMLReporter -->
<testsuite hostname="DESKTOP-2FB6SU0" ignored="0" name="Olvido su clave" tests="2" failures="1" timestamp="2021-02-26T23:13:15 COT" time="4.389" errors="0">
  <testcase name="cambiarClave" time="3.19" classname="com.numeral16to19.TestForgotPassword">
    <failure type="java.lang.AssertionError" message="expected [true] but found [false]">
      <![CDATA[java.lang.AssertionError: expected [true] but found [false]
at com.numeral16to19.TestForgotPassword.cambiarClave(TestForgotPassword.java:41)
at java.util.ArrayList.forEach(ArrayList.java:1257)
... Removed 31 stack frames]]>
    </failure>
  </testcase> <!-- cambiarClave -->
  <testcase name="desistirCambioClave" time="1.168" classname="com.numeral16to19.TestForgotPassword"/>
</testsuite> <!-- Olvido su clave -->
