<?xml version="1.0" encoding="UTF-8"?>
<testsuite name="TestSuite" time="211.175" tests="21" errors="0" skipped="0" failures="2">
  <properties>
[...]
</properties>
  <testcase name="cambiarClave" classname="com.numeral16to19.test.TestForgotPassword" time="3.936">
    <failure message="expected [true] but found [false]" type="java.lang.AssertionError">java.lang.AssertionError: expected [true] but found [false]
	at org.testng.Assert.fail(Assert.java:99)
	at org.testng.Assert.failNotEquals(Assert.java:1037)
	at org.testng.Assert.assertTrue(Assert.java:45)
	at org.testng.Assert.assertTrue(Assert.java:55)
	at com.numeral16to19.test.TestForgotPassword.cambiarClave(TestForgotPassword.java:33)
</failure>
    <system-err>Starting ChromeDriver 88.0.4324.96 (68dba2d8a0b149a1d3afac56fa74648032bcf46b-refs/branch-heads/4324@{#1784}) on port 21361
Only local connections are allowed.
Please see https://chromedriver.chromium.org/security-considerations for suggestions on keeping ChromeDriver safe.
ChromeDriver was started successfully.
[1616468035.337][WARNING]: This version of ChromeDriver has not been tested with Chrome version 89.
mar. 22, 2021 10:53:55 P.M. org.openqa.selenium.remote.ProtocolHandshake createSession
INFO: Detected dialect: W3C
</system-err>
  </testcase>
  <testcase name="desistirCambioClave" classname="com.numeral16to19.test.TestForgotPassword" time="1.633"/>
  <testcase name="validarDashBoard" classname="com.numeral16to19.test.TestHome" time="6.651"/>
  <testcase name="accederMarketPlace" classname="com.numeral16to19.test.TestHome" time="5.773"/>
  <testcase name="irASuscribe" classname="com.numeral16to19.test.TestHome" time="2.974"/>
  <testcase name="irAHelp" classname="com.numeral16to19.test.TestHome" time="1.729"/>
  <testcase name="verNotificaciones" classname="com.numeral16to19.test.TestHome" time="2.386"/>
  <testcase name="verInformacionApp" classname="com.numeral16to19.test.TestHome" time="4.546"/>
  <testcase name="salirApp" classname="com.numeral16to19.test.TestHome" time="3.663"/>
  <testcase name="visitarMarketPlace" classname="com.numeral16to19.test.TestMarketPlace" time="4.768"/>
  <testcase name="verDetalleLdap" classname="com.numeral16to19.test.TestMarketPlace" time="2.209"/>
  <testcase name="verDetalleIntegration" classname="com.numeral16to19.test.TestMarketPlace" time="2.175"/>
  <testcase name="verDetalleCorporate" classname="com.numeral16to19.test.TestMarketPlace" time="2.209"/>
  <testcase name="verDetalleClaim" classname="com.numeral16to19.test.TestMarketPlace" time="2.287"/>
  <testcase name="confirmarCompraLdap" classname="com.numeral16to19.test.TestMarketPlace" time="2.863"/>
  <testcase name="instalarIntegration" classname="com.numeral16to19.test.TestMarketPlace" time="1.141">
    <failure message="element click intercepted: Element &lt;input id=&quot;MP_link&quot; type=&quot;button&quot; class=&quot;button current&quot; value=&quot;Marketplace&quot;&gt; is not clickable at point (1506, 74). Other element would receive the click: &lt;div id=&quot;disable-screen&quot; class=&quot;overlay&quot;&gt;&lt;/div&gt;&#10;  (Session info: chrome=89.0.4389.90)&#10;Build info: version: &apos;3.141.59&apos;, revision: &apos;e82be7d358&apos;, time: &apos;2018-11-14T08:17:03&apos;&#10;System info: host: &apos;IGALARZA&apos;, ip: &apos;169.254.187.198&apos;, os.name: &apos;Windows 10&apos;, os.arch: &apos;amd64&apos;, os.version: &apos;10.0&apos;, java.version: &apos;15.0.1&apos;&#10;Driver info: org.openqa.selenium.chrome.ChromeDriver&#10;Capabilities {acceptInsecureCerts: false, browserName: chrome, browserVersion: 89.0.4389.90, chrome: {chromedriverVersion: 88.0.4324.96 (68dba2d8a0b14..., userDataDir: C:\Users\igalarza\AppData\L...}, goog:chromeOptions: {debuggerAddress: localhost:60081}, javascriptEnabled: true, networkConnectionEnabled: false, pageLoadStrategy: normal, platform: WINDOWS, platformName: WINDOWS, proxy: Proxy(), setWindowRect: true, strictFileInteractability: false, timeouts: {implicit: 0, pageLoad: 300000, script: 30000}, unhandledPromptBehavior: dismiss and notify, webauthn:extension:largeBlob: true, webauthn:virtualAuthenticators: true}&#10;Session ID: c9593ed5373573f30e08c9cddc69b7ba" type="org.openqa.selenium.ElementClickInterceptedException"><![CDATA[org.openqa.selenium.ElementClickInterceptedException: element click intercepted: Element <input id="MP_link" type="button" class="button current" value="Marketplace"> is not clickable at point (1506, 74). Other element would receive the click: <div id="disable-screen" class="overlay"></div>
  (Session info: chrome=89.0.4389.90)
Build info: version: '3.141.59', revision: 'e82be7d358', time: '2018-11-14T08:17:03'
System info: host: 'IGALARZA', ip: '169.254.187.198', os.name: 'Windows 10', os.arch: 'amd64', os.version: '10.0', java.version: '15.0.1'
Driver info: org.openqa.selenium.chrome.ChromeDriver
Capabilities {acceptInsecureCerts: false, browserName: chrome, browserVersion: 89.0.4389.90, chrome: {chromedriverVersion: 88.0.4324.96 (68dba2d8a0b14..., userDataDir: C:\Users\igalarza\AppData\L...}, goog:chromeOptions: {debuggerAddress: localhost:60081}, javascriptEnabled: true, networkConnectionEnabled: false, pageLoadStrategy: normal, platform: WINDOWS, platformName: WINDOWS, proxy: Proxy(), setWindowRect: true, strictFileInteractability: false, timeouts: {implicit: 0, pageLoad: 300000, script: 30000}, unhandledPromptBehavior: dismiss and notify, webauthn:extension:largeBlob: true, webauthn:virtualAuthenticators: true}
Session ID: c9593ed5373573f30e08c9cddc69b7ba
	at java.base/jdk.internal.reflect.NativeConstructorAccessorImpl.newInstance0(Native Method)
	at java.base/jdk.internal.reflect.NativeConstructorAccessorImpl.newInstance(NativeConstructorAccessorImpl.java:64)
	at java.base/jdk.internal.reflect.DelegatingConstructorAccessorImpl.newInstance(DelegatingConstructorAccessorImpl.java:45)
	at java.base/java.lang.reflect.Constructor.newInstanceWithCaller(Constructor.java:500)
	at java.base/java.lang.reflect.Constructor.newInstance(Constructor.java:481)
	at org.openqa.selenium.remote.http.W3CHttpResponseCodec.createException(W3CHttpResponseCodec.java:187)
	at org.openqa.selenium.remote.http.W3CHttpResponseCodec.decode(W3CHttpResponseCodec.java:122)
	at org.openqa.selenium.remote.http.W3CHttpResponseCodec.decode(W3CHttpResponseCodec.java:49)
	at org.openqa.selenium.remote.HttpCommandExecutor.execute(HttpCommandExecutor.java:158)
	at org.openqa.selenium.remote.service.DriverCommandExecutor.execute(DriverCommandExecutor.java:83)
	at org.openqa.selenium.remote.RemoteWebDriver.execute(RemoteWebDriver.java:552)
	at org.openqa.selenium.remote.RemoteWebElement.execute(RemoteWebElement.java:285)
	at org.openqa.selenium.remote.RemoteWebElement.click(RemoteWebElement.java:84)
	at com.numeral16to19.pages.HomePage.goToMarketPlace(HomePage.java:30)
	at com.numeral16to19.test.TestMarketPlace.instalarIntegration(TestMarketPlace.java:91)
]]></failure>
  </testcase>
  <testcase name="confirmarCompraCorporate" classname="com.numeral16to19.test.TestMarketPlace" time="7.589"/>
  <testcase name="confirmarCompraClaim" classname="com.numeral16to19.test.TestMarketPlace" time="7.378"/>
  <testcase name="feature" classname="Runner.TestRunner21" time="19.254"/>
  <testcase name="feature" classname="Runner.TestRunner22" time="20.472"/>
  <testcase name="feature" classname="Runner.TestRunner23" time="105.539"/>
</testsuite>