<?xml version="1.0" encoding="UTF-8"?>
<testng-results ignored="0" total="1" passed="1" failed="0" skipped="0">
  <reporter-output>
  </reporter-output>
  <suite started-at="2021-03-22T23:11:44 BOT" name="Default suite" finished-at="2021-03-22T23:12:05 BOT" duration-ms="21509">
    <groups>
      <group name="cucumber">
        <method signature="AbstractTestNGCucumberTests.feature(cucumber.api.testng.CucumberFeatureWrapper)[pri:0, instance:Runner.TestRunner21@29d89d5d]" name="feature" class="cucumber.api.testng.AbstractTestNGCucumberTests"/>
      </group> <!-- cucumber -->
    </groups>
    <test started-at="2021-03-22T23:11:44 BOT" name="Default test" finished-at="2021-03-22T23:12:05 BOT" duration-ms="21509">
      <class name="Runner.TestRunner21">
        <test-method is-config="true" signature="setUpClass()[pri:0, instance:Runner.TestRunner21@29d89d5d]" started-at="2021-03-22T23:11:44 BOT" name="setUpClass" finished-at="2021-03-22T23:11:44 BOT" duration-ms="337" status="PASS">
          <reporter-output>
          </reporter-output>
        </test-method> <!-- setUpClass -->
        <test-method signature="feature(cucumber.api.testng.CucumberFeatureWrapper)[pri:0, instance:Runner.TestRunner21@29d89d5d]" started-at="2021-03-22T23:11:44 BOT" name="feature" description="Runs Cucumber Feature" data-provider="features" finished-at="2021-03-22T23:12:05 BOT" duration-ms="21021" status="PASS">
          <params>
            <param index="0">
              <value>
                <![CDATA[Como Administrador deberia ingresar a la plataforma de RRHH Orange con mi usuario y contrase�a]]>
              </value>
            </param>
          </params>
          <reporter-output>
          </reporter-output>
        </test-method> <!-- feature -->
        <test-method is-config="true" signature="tearDownClass()[pri:0, instance:Runner.TestRunner21@29d89d5d]" started-at="2021-03-22T23:12:05 BOT" name="tearDownClass" finished-at="2021-03-22T23:12:05 BOT" duration-ms="9" status="PASS">
          <reporter-output>
          </reporter-output>
        </test-method> <!-- tearDownClass -->
      </class> <!-- Runner.TestRunner21 -->
    </test> <!-- Default test -->
  </suite> <!-- Default suite -->
</testng-results>
